<?xml version="1.0" encoding="UTF-8"?>
<testsuite name="test.appTest" tests="1" skipped="0" failures="0" errors="0" timestamp="2023-03-26T05:26:24" hostname="MacBook-Pro-de-Janeth.local" time="229.177">
  <properties/>
  <testcase name="verifyLogin()" classname="test.appTest" time="229.177"/>
  <system-out><![CDATA[]]></system-out>
  <system-err><![CDATA[mar. 26, 2023 1:26:33 A.?M. io.appium.java_client.remote.AppiumCommandExecutor$1 lambda$0
INFO: Detected dialect: W3C
]]></system-err>
</testsuite>
